<?xml version="1.0" encoding="UTF-8"?>
<!-- Generated by org.testng.reporters.JUnitReportReporter -->
<testsuite hostname="HP-PCTDFHGJ" failures="0" tests="4" name="com.excelautomation.DDTest" time="0.012" errors="0" timestamp="2022-04-09T10:52:59 IST" skipped="0">
  <testcase classname="com.excelautomation.DDTest" name="setData" time="0.002"/>
  <system-out/>
  <testcase classname="com.excelautomation.DDTest" name="setData" time="0.007"/>
  <system-out/>
  <testcase classname="com.excelautomation.DDTest" name="setData" time="0.002"/>
  <system-out/>
  <testcase classname="com.excelautomation.DDTest" name="setData" time="0.001"/>
  <system-out/>
</testsuite> <!-- com.excelautomation.DDTest -->
