<?xml version="1.0" encoding="UTF-8"?>
<!-- Generated by org.testng.reporters.JUnitReportReporter -->
<testsuite hostname="HP-PCTDFHGJ" failures="0" tests="5" name="testngFramework.DisabledTestInTestNG" time="0.016" errors="0" timestamp="2022-03-26T08:47:10 IST" skipped="1">
  <testcase classname="testngFramework.DisabledTestInTestNG" name="test3" time="0.001"/>
  <system-out/>
  <testcase classname="testngFramework.DisabledTestInTestNG" name="test5" time="0.002"/>
  <system-out/>
  <testcase classname="testngFramework.DisabledTestInTestNG" name="test1" time="0.011"/>
  <system-out/>
  <testcase classname="testngFramework.DisabledTestInTestNG" name="test2" time="0.002"/>
  <system-out/>
  <testcase classname="testngFramework.DisabledTestInTestNG" name="test4">
    <skipped/>
  </testcase> <!-- test4 -->
  <system-out/>
</testsuite> <!-- testngFramework.DisabledTestInTestNG -->
