<?xml version="1.0" encoding="UTF-8"?>
<!-- Generated by org.testng.reporters.JUnitReportReporter -->
<testsuite hostname="HP-PCTDFHGJ" failures="0" tests="1" name="testngFramework.TestDemo" time="0.003" errors="0" timestamp="2022-03-26T08:15:44 IST" skipped="0">
  <testcase classname="testngFramework.TestDemo" name="test" time="0.003"/>
  <system-out/>
</testsuite> <!-- testngFramework.TestDemo -->
