<?xml version="1.0" encoding="UTF-8"?>
<!-- Generated by org.testng.reporters.JUnitReportReporter -->
<testsuite hostname="HP-PCTDFHGJ" failures="0" tests="2" name="testngFramework.GroupsTestInTestNG" time="0.015" errors="0" timestamp="2022-03-27T08:03:42 IST" skipped="0">
  <testcase classname="testngFramework.GroupsTestInTestNG" name="logoutTest" time="0.002"/>
  <system-out/>
  <testcase classname="testngFramework.GroupsTestInTestNG" name="loginTest" time="0.013"/>
  <system-out/>
</testsuite> <!-- testngFramework.GroupsTestInTestNG -->
