<?xml version="1.0" encoding="UTF-8"?>
<!-- Generated by org.testng.reporters.JUnitReportReporter -->
<testsuite hostname="HP-PCTDFHGJ" failures="0" tests="4" name="testngFramework.DependaceTestInTestNG" time="0.014" errors="0" timestamp="2022-03-26T08:36:54 IST" skipped="0">
  <testcase classname="testngFramework.DependaceTestInTestNG" name="addTocardTest" time="0.001"/>
  <system-out/>
  <testcase classname="testngFramework.DependaceTestInTestNG" name="logoutTest" time="0.002"/>
  <system-out/>
  <testcase classname="testngFramework.DependaceTestInTestNG" name="loginTest" time="0.010"/>
  <system-out/>
  <testcase classname="testngFramework.DependaceTestInTestNG" name="checkOutTest" time="0.001"/>
  <system-out/>
</testsuite> <!-- testngFramework.DependaceTestInTestNG -->
