<?xml version="1.0" encoding="UTF-8"?>
<!-- Generated by org.testng.reporters.JUnitReportReporter -->
<testsuite hostname="HP-PCTDFHGJ" failures="0" tests="3" name="testngFramework.TestNGAnnotation" time="0.028" errors="0" timestamp="2022-03-26T08:15:44 IST" skipped="0">
  <testcase classname="testngFramework.TestNGAnnotation" name="test2" time="0.005"/>
  <system-out/>
  <testcase classname="testngFramework.TestNGAnnotation" name="test3" time="0.014"/>
  <system-out/>
  <testcase classname="testngFramework.TestNGAnnotation" name="test1" time="0.009"/>
  <system-out/>
</testsuite> <!-- testngFramework.TestNGAnnotation -->
