<?xml version="1.0" encoding="UTF-8"?>
<!-- Generated by org.testng.reporters.JUnitReportReporter -->
<testsuite hostname="HP-PCTDFHGJ" failures="0" tests="1" name="testngFramework.ParameterizeTestinTestNG" time="0.010" errors="0" timestamp="2022-03-26T09:00:24 IST" skipped="0">
  <testcase classname="testngFramework.ParameterizeTestinTestNG" name="paraTest" time="0.010"/>
  <system-out/>
</testsuite> <!-- testngFramework.ParameterizeTestinTestNG -->
