<?xml version="1.0" encoding="UTF-8"?>
<!-- Generated by org.testng.reporters.JUnitReportReporter -->
<testsuite hostname="HP-PCTDFHGJ" failures="0" tests="2" name="testngFramework.FailedTestRuninTestNG" time="0.012" errors="0" timestamp="2022-03-27T07:47:28 IST" skipped="0">
  <testcase classname="testngFramework.FailedTestRuninTestNG" name="test2" time="0.010"/>
  <system-out/>
  <testcase classname="testngFramework.FailedTestRuninTestNG" name="test4" time="0.002"/>
  <system-out/>
</testsuite> <!-- testngFramework.FailedTestRuninTestNG -->
