<?xml version="1.0" encoding="UTF-8"?>
<!-- Generated by org.testng.reporters.JUnitReportReporter -->
<testsuite hostname="HP-PCTDFHGJ" failures="0" tests="4" name="testngFramework.PriotiseTestInTestNG" time="0.016" errors="0" timestamp="2022-03-26T08:26:18 IST" skipped="0">
  <testcase classname="testngFramework.PriotiseTestInTestNG" name="checkOutTest" time="0.011"/>
  <system-out/>
  <testcase classname="testngFramework.PriotiseTestInTestNG" name="loginTest" time="0.002"/>
  <system-out/>
  <testcase classname="testngFramework.PriotiseTestInTestNG" name="addTocardTest" time="0.002"/>
  <system-out/>
  <testcase classname="testngFramework.PriotiseTestInTestNG" name="logoutTest" time="0.001"/>
  <system-out/>
</testsuite> <!-- testngFramework.PriotiseTestInTestNG -->
